<?xml version="1.0" encoding="UTF-8"?>
<!-- Generated by org.testng.reporters.JUnitReportReporter -->
<testsuite hostname="Pratik" failures="0" tests="1" name="Hybrid_App.General_Store" time="12.234" errors="0" timestamp="2024-07-31T12:22:30 IST" skipped="0">
  <testcase classname="Hybrid_App.General_Store" name="t1" time="12.234"/>
  <system-out/>
</testsuite> <!-- Hybrid_App.General_Store -->
