<?xml version="1.0" encoding="UTF-8"?>
<!-- Generated by org.testng.reporters.JUnitReportReporter -->
<testsuite hostname="Pratik" failures="0" tests="1" name="Web_App.Web_app" time="7.133" errors="0" timestamp="2024-07-31T17:25:02 IST" skipped="0">
  <testcase classname="Web_App.Web_app" name="t1" time="7.133"/>
  <system-out/>
</testsuite> <!-- Web_App.Web_app -->
