<?xml version="1.0" encoding="UTF-8"?>
<!-- Generated by org.testng.reporters.JUnitReportReporter -->
<testsuite hostname="Pratik" failures="0" tests="4" name="cw_App.contacts" time="30.646" errors="0" timestamp="2024-08-31T22:15:25 IST" skipped="0">
  <testcase classname="cw_App.contacts" name="Click" time="5.078"/>
  <system-out/>
  <testcase classname="cw_App.contacts" name="OtherOperations" time="11.732"/>
  <system-out/>
  <testcase classname="cw_App.contacts" name="PowerSaver" time="7.274"/>
  <system-out/>
  <testcase classname="cw_App.contacts" name="Copy" time="6.562"/>
  <system-out/>
</testsuite> <!-- cw_App.contacts -->
