<?xml version="1.0" encoding="UTF-8"?>
<!-- Generated by org.testng.reporters.JUnitReportReporter -->
<testsuite hostname="Pratik" failures="0" tests="2" name="Native_App.API_Demos" time="0.911" errors="0" timestamp="2024-08-01T14:49:35 IST" skipped="1">
  <testcase classname="Native_App.API_Demos" name="gmail" time="0.911"/>
  <system-out/>
  <testcase classname="Native_App.API_Demos" name="preference">
    <skipped/>
  </testcase> <!-- preference -->
  <system-out/>
</testsuite> <!-- Native_App.API_Demos -->
